
> web@0.1.0 build C:\Users\PC\Documents\projects\softwares\vibe coded\focus-app\apps\web
> next build

   ▲ Next.js 15.2.8
   - Environments: .env

   Creating an optimized production build ...
 ✓ Compiled successfully
   Skipping validation of types
   Linting ...
   Collecting page data ...
   Generating static pages (0/12) ...
   Generating static pages (3/12) 
   Generating static pages (6/12) 
   Generating static pages (9/12) 
 ✓ Generating static pages (12/12)
   Finalizing page optimization ...
   Collecting build traces ...

Route (app)                                 Size  First Load JS
┌ ƒ /                                      177 B         105 kB
├ ○ /_not-found                            980 B         103 kB
├ ƒ /auth/error                            177 B         105 kB
├ ○ /auth/forgot-password                 2.7 kB         115 kB
├ ○ /auth/login                          3.32 kB         116 kB
├ ○ /auth/reset-password                 2.87 kB         115 kB
├ ○ /auth/sign-up                        3.14 kB         116 kB
├ ○ /auth/sign-up-success                  177 B         105 kB
├ ○ /auth/verify-email                   1.88 kB         114 kB
└ ƒ /dashboard                            150 kB         259 kB
+ First Load JS shared by all             102 kB
  ├ chunks/247-79356d552d96d62e.js       46.5 kB
  ├ chunks/5e781241-172b04dc89ae8ee4.js  53.3 kB
  └ other shared chunks (total)             2 kB


ƒ Middleware                             32.6 kB

○  (Static)   prerendered as static content
ƒ  (Dynamic)  server-rendered on demand

